1	: IMG 1 	: starts: 
2	: IMG 1 	: enters:             	: 1	: 0	: 1
3	: IMG 1 	: checks:             	: 1	: 1	: 1
10	: IMG 1 	: wants certificate:  	: 0	: 0	: 1
17	: IMG 1 	: got certificate:    	: 1	: 1	: 2
21	: IMG 1 	: leaves:              	: 0	: 0	: 1
7	: IMG 2 	: starts: 
11	: IMG 2 	: enters:             	: 1	: 0	: 2
12	: IMG 2 	: checks:             	: 1	: 1	: 2
20	: IMG 2 	: wants certificate:  	: 0	: 0	: 2
32	: IMG 2 	: got certificate:    	: 1	: 1	: 3
33	: IMG 2 	: leaves:              	: 1	: 1	: 2
13	: IMG 3 	: starts: 
22	: IMG 3 	: enters:             	: 1	: 0	: 2
23	: IMG 3 	: checks:             	: 1	: 1	: 2
34	: IMG 3 	: wants certificate:  	: 1	: 1	: 2
38	: IMG 3 	: got certificate:    	: 1	: 1	: 2
42	: IMG 3 	: leaves:              	: 0	: 0	: 1
24	: IMG 4 	: starts: 
30	: IMG 4 	: enters:             	: 1	: 0	: 3
31	: IMG 4 	: checks:             	: 1	: 1	: 3
41	: IMG 4 	: wants certificate:  	: 0	: 0	: 2
45	: IMG 4 	: got certificate:    	: 1	: 1	: 2
46	: IMG 4 	: leaves:              	: 1	: 1	: 1
4	: JUDGE 	: wats to enter:
5	: JUDGE 	: enters:              	: 1	: 1	: 1
6	: JUDGE 	: starts confirmation  	: 1	: 1	: 1
8	: JUDGE 	: ends confirmation   	: 0	: 0	: 1
9	: JUDGE 	: leaves:              	: 0	: 0	: 1
14	: JUDGE 	: wats to enter:
15	: JUDGE 	: enters:              	: 1	: 1	: 2
16	: JUDGE 	: starts confirmation  	: 1	: 1	: 2
18	: JUDGE 	: ends confirmation   	: 0	: 0	: 2
19	: JUDGE 	: leaves:              	: 0	: 0	: 2
25	: JUDGE 	: wats to enter:
26	: JUDGE 	: enters:              	: 1	: 1	: 2
27	: JUDGE 	: starts confirmation  	: 1	: 1	: 2
28	: JUDGE 	: ends confirmation   	: 0	: 0	: 2
29	: JUDGE 	: leaves:              	: 0	: 0	: 2
35	: JUDGE 	: wats to enter:
36	: JUDGE 	: enters:              	: 1	: 1	: 2
37	: JUDGE 	: starts confirmation  	: 1	: 1	: 2
39	: JUDGE 	: ends confirmation   	: 0	: 0	: 2
40	: JUDGE 	: leaves:              	: 0	: 0	: 2
47	: JUDGE 	: wats to enter:
48	: JUDGE 	: enters:              	: 1	: 1	: 1
49	: JUDGE 	: starts confirmation  	: 1	: 1	: 1
50	: JUDGE 	: ends confirmation   	: 0	: 0	: 1
51	: JUDGE 	: leaves:              	: 0	: 0	: 1
36	: IMG 5 	: starts: 
43	: IMG 5 	: enters:             	: 1	: 0	: 2
44	: IMG 5 	: checks:             	: 1	: 1	: 2
52	: IMG 5 	: wants certificate:  	: 0	: 0	: 1
53	: IMG 5 	: got certificate:    	: 0	: 0	: 1
54	: IMG 5 	: leaves:              	: 0	: 0	: 0
